{"$message_type":"diagnostic","message":"unresolved import `embedded_hal::digital::v2`","code":{"code":"E0432","explanation":"An import was unresolved.\n\nErroneous code example:\n\n```compile_fail,E0432\nuse something::Foo; // error: unresolved import `something::Foo`.\n```\n\nIn Rust 2015, paths in `use` statements are relative to the crate root. To\nimport items relative to the current and parent modules, use the `self::` and\n`super::` prefixes, respectively.\n\nIn Rust 2018 or later, paths in `use` statements are relative to the current\nmodule unless they begin with the name of a crate or a literal `crate::`, in\nwhich case they start from the crate root. As in Rust 2015 code, the `self::`\nand `super::` prefixes refer to the current and parent modules respectively.\n\nAlso verify that you didn't misspell the import name and that the import exists\nin the module from where you tried to import it. Example:\n\n```\nuse self::something::Foo; // Ok.\n\nmod something {\n    pub struct Foo;\n}\n# fn main() {}\n```\n\nIf you tried to use a module from an external crate and are using Rust 2015,\nyou may have missed the `extern crate` declaration (which is usually placed in\nthe crate root):\n\n```edition2015\nextern crate core; // Required to use the `core` crate in Rust 2015.\n\nuse core::any;\n# fn main() {}\n```\n\nSince Rust 2018 the `extern crate` declaration is not required and\nyou can instead just `use` it:\n\n```edition2018\nuse core::any; // No extern crate required in Rust 2018.\n# fn main() {}\n```\n"},"level":"error","spans":[{"file_name":"src/main.rs","byte_start":74,"byte_end":76,"line_start":4,"line_end":4,"column_start":28,"column_end":30,"is_primary":true,"text":[{"text":"use embedded_hal::digital::v2::{InputPin, OutputPin};","highlight_start":28,"highlight_end":30}],"label":"could not find `v2` in `digital`","suggested_replacement":null,"suggestion_applicability":null,"expansion":null}],"children":[],"rendered":"\u001b[1m\u001b[91merror[E0432]\u001b[0m\u001b[1m: unresolved import `embedded_hal::digital::v2`\u001b[0m\n \u001b[1m\u001b[94m--> \u001b[0msrc/main.rs:4:28\n  \u001b[1m\u001b[94m|\u001b[0m\n\u001b[1m\u001b[94m4\u001b[0m \u001b[1m\u001b[94m|\u001b[0m use embedded_hal::digital::v2::{InputPin, OutputPin};\n  \u001b[1m\u001b[94m|\u001b[0m                            \u001b[1m\u001b[91m^^\u001b[0m \u001b[1m\u001b[91mcould not find `v2` in `digital`\u001b[0m\n\n"}
{"$message_type":"diagnostic","message":"unused import: `prelude::*`","code":{"code":"unused_imports","explanation":null},"level":"warning","spans":[{"file_name":"src/main.rs","byte_start":165,"byte_end":175,"line_start":7,"line_end":7,"column_start":31,"column_end":41,"is_primary":true,"text":[{"text":"    hal::{Timer, gpio::Level, prelude::*},","highlight_start":31,"highlight_end":41}],"label":null,"suggested_replacement":null,"suggestion_applicability":null,"expansion":null}],"children":[{"message":"`#[warn(unused_imports)]` (part of `#[warn(unused)]`) on by default","code":null,"level":"note","spans":[],"children":[],"rendered":null},{"message":"remove the unused import","code":null,"level":"help","spans":[{"file_name":"src/main.rs","byte_start":163,"byte_end":175,"line_start":7,"line_end":7,"column_start":29,"column_end":41,"is_primary":true,"text":[{"text":"    hal::{Timer, gpio::Level, prelude::*},","highlight_start":29,"highlight_end":41}],"label":null,"suggested_replacement":"","suggestion_applicability":"MachineApplicable","expansion":null}],"children":[],"rendered":null}],"rendered":"\u001b[1m\u001b[33mwarning\u001b[0m\u001b[1m: unused import: `prelude::*`\u001b[0m\n \u001b[1m\u001b[94m--> \u001b[0msrc/main.rs:7:31\n  \u001b[1m\u001b[94m|\u001b[0m\n\u001b[1m\u001b[94m7\u001b[0m \u001b[1m\u001b[94m|\u001b[0m     hal::{Timer, gpio::Level, prelude::*},\n  \u001b[1m\u001b[94m|\u001b[0m                               \u001b[1m\u001b[33m^^^^^^^^^^\u001b[0m\n  \u001b[1m\u001b[94m|\u001b[0m\n  \u001b[1m\u001b[94m= \u001b[0m\u001b[1mnote\u001b[0m: `#[warn(unused_imports)]` (part of `#[warn(unused)]`) on by default\n\n"}
{"$message_type":"diagnostic","message":"unwinding panics are not supported without std","code":null,"level":"error","spans":[],"children":[{"message":"using nightly cargo, use -Zbuild-std with panic=\"abort\" to avoid unwinding","code":null,"level":"help","spans":[],"children":[],"rendered":null},{"message":"since the core library is usually precompiled with panic=\"unwind\", rebuilding your crate with panic=\"abort\" may not be enough to fix the problem","code":null,"level":"note","spans":[],"children":[],"rendered":null}],"rendered":"\u001b[1m\u001b[91merror\u001b[0m\u001b[1m: unwinding panics are not supported without std\u001b[0m\n  \u001b[1m\u001b[94m|\u001b[0m\n  \u001b[1m\u001b[94m= \u001b[0m\u001b[1mhelp\u001b[0m: using nightly cargo, use -Zbuild-std with panic=\"abort\" to avoid unwinding\n  \u001b[1m\u001b[94m= \u001b[0m\u001b[1mnote\u001b[0m: since the core library is usually precompiled with panic=\"unwind\", rebuilding your crate with panic=\"abort\" may not be enough to fix the problem\n\n"}
{"$message_type":"diagnostic","message":"no field `e13` on type `Edge`","code":{"code":"E0609","explanation":"Attempted to access a nonexistent field in a struct.\n\nErroneous code example:\n\n```compile_fail,E0609\nstruct StructWithFields {\n    x: u32,\n}\n\nlet s = StructWithFields { x: 0 };\nprintln!(\"{}\", s.foo); // error: no field `foo` on type `StructWithFields`\n```\n\nTo fix this error, check that you didn't misspell the field's name or that the\nfield actually exists. Example:\n\n```\nstruct StructWithFields {\n    x: u32,\n}\n\nlet s = StructWithFields { x: 0 };\nprintln!(\"{}\", s.x); // ok!\n```\n"},"level":"error","spans":[{"file_name":"src/main.rs","byte_start":475,"byte_end":478,"line_start":17,"line_end":17,"column_start":35,"column_end":38,"is_primary":true,"text":[{"text":"    let mut left_in1 = board.edge.e13.into_push_pull_output(Level::Low);","highlight_start":35,"highlight_end":38}],"label":"unknown field","suggested_replacement":null,"suggestion_applicability":null,"expansion":null}],"children":[{"message":"a field with a similar name exists","code":null,"level":"help","spans":[{"file_name":"src/main.rs","byte_start":475,"byte_end":478,"line_start":17,"line_end":17,"column_start":35,"column_end":38,"is_primary":true,"text":[{"text":"    let mut left_in1 = board.edge.e13.into_push_pull_output(Level::Low);","highlight_start":35,"highlight_end":38}],"label":null,"suggested_replacement":"e12","suggestion_applicability":"MaybeIncorrect","expansion":null}],"children":[],"rendered":null}],"rendered":"\u001b[1m\u001b[91merror[E0609]\u001b[0m\u001b[1m: no field `e13` on type `Edge`\u001b[0m\n  \u001b[1m\u001b[94m--> \u001b[0msrc/main.rs:17:35\n   \u001b[1m\u001b[94m|\u001b[0m\n\u001b[1m\u001b[94m17\u001b[0m \u001b[1m\u001b[94m|\u001b[0m     let mut left_in1 = board.edge.e13.into_push_pull_output(Level::Low);\n   \u001b[1m\u001b[94m|\u001b[0m                                   \u001b[1m\u001b[91m^^^\u001b[0m \u001b[1m\u001b[91munknown field\u001b[0m\n   \u001b[1m\u001b[94m|\u001b[0m\n\u001b[1m\u001b[96mhelp\u001b[0m: a field with a similar name exists\n   \u001b[1m\u001b[94m|\u001b[0m\n\u001b[1m\u001b[94m17\u001b[0m \u001b[91m- \u001b[0m    let mut left_in1 = board.edge.\u001b[91me13\u001b[0m.into_push_pull_output(Level::Low);\n\u001b[1m\u001b[94m17\u001b[0m \u001b[92m+ \u001b[0m    let mut left_in1 = board.edge.\u001b[92me12\u001b[0m.into_push_pull_output(Level::Low);\n   \u001b[1m\u001b[94m|\u001b[0m\n\n"}
{"$message_type":"diagnostic","message":"no field `e14` on type `Edge`","code":{"code":"E0609","explanation":"Attempted to access a nonexistent field in a struct.\n\nErroneous code example:\n\n```compile_fail,E0609\nstruct StructWithFields {\n    x: u32,\n}\n\nlet s = StructWithFields { x: 0 };\nprintln!(\"{}\", s.foo); // error: no field `foo` on type `StructWithFields`\n```\n\nTo fix this error, check that you didn't misspell the field's name or that the\nfield actually exists. Example:\n\n```\nstruct StructWithFields {\n    x: u32,\n}\n\nlet s = StructWithFields { x: 0 };\nprintln!(\"{}\", s.x); // ok!\n```\n"},"level":"error","spans":[{"file_name":"src/main.rs","byte_start":548,"byte_end":551,"line_start":18,"line_end":18,"column_start":35,"column_end":38,"is_primary":true,"text":[{"text":"    let mut left_in2 = board.edge.e14.into_push_pull_output(Level::Low);","highlight_start":35,"highlight_end":38}],"label":"unknown field","suggested_replacement":null,"suggestion_applicability":null,"expansion":null}],"children":[{"message":"a field with a similar name exists","code":null,"level":"help","spans":[{"file_name":"src/main.rs","byte_start":548,"byte_end":551,"line_start":18,"line_end":18,"column_start":35,"column_end":38,"is_primary":true,"text":[{"text":"    let mut left_in2 = board.edge.e14.into_push_pull_output(Level::Low);","highlight_start":35,"highlight_end":38}],"label":null,"suggested_replacement":"e12","suggestion_applicability":"MaybeIncorrect","expansion":null}],"children":[],"rendered":null}],"rendered":"\u001b[1m\u001b[91merror[E0609]\u001b[0m\u001b[1m: no field `e14` on type `Edge`\u001b[0m\n  \u001b[1m\u001b[94m--> \u001b[0msrc/main.rs:18:35\n   \u001b[1m\u001b[94m|\u001b[0m\n\u001b[1m\u001b[94m18\u001b[0m \u001b[1m\u001b[94m|\u001b[0m     let mut left_in2 = board.edge.e14.into_push_pull_output(Level::Low);\n   \u001b[1m\u001b[94m|\u001b[0m                                   \u001b[1m\u001b[91m^^^\u001b[0m \u001b[1m\u001b[91munknown field\u001b[0m\n   \u001b[1m\u001b[94m|\u001b[0m\n\u001b[1m\u001b[96mhelp\u001b[0m: a field with a similar name exists\n   \u001b[1m\u001b[94m|\u001b[0m\n\u001b[1m\u001b[94m18\u001b[0m \u001b[91m- \u001b[0m    let mut left_in2 = board.edge.\u001b[91me14\u001b[0m.into_push_pull_output(Level::Low);\n\u001b[1m\u001b[94m18\u001b[0m \u001b[92m+ \u001b[0m    let mut left_in2 = board.edge.\u001b[92me12\u001b[0m.into_push_pull_output(Level::Low);\n   \u001b[1m\u001b[94m|\u001b[0m\n\n"}
{"$message_type":"diagnostic","message":"no field `e15` on type `Edge`","code":{"code":"E0609","explanation":"Attempted to access a nonexistent field in a struct.\n\nErroneous code example:\n\n```compile_fail,E0609\nstruct StructWithFields {\n    x: u32,\n}\n\nlet s = StructWithFields { x: 0 };\nprintln!(\"{}\", s.foo); // error: no field `foo` on type `StructWithFields`\n```\n\nTo fix this error, check that you didn't misspell the field's name or that the\nfield actually exists. Example:\n\n```\nstruct StructWithFields {\n    x: u32,\n}\n\nlet s = StructWithFields { x: 0 };\nprintln!(\"{}\", s.x); // ok!\n```\n"},"level":"error","spans":[{"file_name":"src/main.rs","byte_start":622,"byte_end":625,"line_start":19,"line_end":19,"column_start":36,"column_end":39,"is_primary":true,"text":[{"text":"    let mut right_in1 = board.edge.e15.into_push_pull_output(Level::Low);","highlight_start":36,"highlight_end":39}],"label":"unknown field","suggested_replacement":null,"suggestion_applicability":null,"expansion":null}],"children":[{"message":"a field with a similar name exists","code":null,"level":"help","spans":[{"file_name":"src/main.rs","byte_start":622,"byte_end":625,"line_start":19,"line_end":19,"column_start":36,"column_end":39,"is_primary":true,"text":[{"text":"    let mut right_in1 = board.edge.e15.into_push_pull_output(Level::Low);","highlight_start":36,"highlight_end":39}],"label":null,"suggested_replacement":"e12","suggestion_applicability":"MaybeIncorrect","expansion":null}],"children":[],"rendered":null}],"rendered":"\u001b[1m\u001b[91merror[E0609]\u001b[0m\u001b[1m: no field `e15` on type `Edge`\u001b[0m\n  \u001b[1m\u001b[94m--> \u001b[0msrc/main.rs:19:36\n   \u001b[1m\u001b[94m|\u001b[0m\n\u001b[1m\u001b[94m19\u001b[0m \u001b[1m\u001b[94m|\u001b[0m     let mut right_in1 = board.edge.e15.into_push_pull_output(Level::Low);\n   \u001b[1m\u001b[94m|\u001b[0m                                    \u001b[1m\u001b[91m^^^\u001b[0m \u001b[1m\u001b[91munknown field\u001b[0m\n   \u001b[1m\u001b[94m|\u001b[0m\n\u001b[1m\u001b[96mhelp\u001b[0m: a field with a similar name exists\n   \u001b[1m\u001b[94m|\u001b[0m\n\u001b[1m\u001b[94m19\u001b[0m \u001b[91m- \u001b[0m    let mut right_in1 = board.edge.\u001b[91me15\u001b[0m.into_push_pull_output(Level::Low);\n\u001b[1m\u001b[94m19\u001b[0m \u001b[92m+ \u001b[0m    let mut right_in1 = board.edge.\u001b[92me12\u001b[0m.into_push_pull_output(Level::Low);\n   \u001b[1m\u001b[94m|\u001b[0m\n\n"}
{"$message_type":"diagnostic","message":"no method named `is_high` found for struct `P0_14<MODE>` in the current scope","code":{"code":"E0599","explanation":"This error occurs when a method is used on a type which doesn't implement it:\n\nErroneous code example:\n\n```compile_fail,E0599\nstruct Mouth;\n\nlet x = Mouth;\nx.chocolate(); // error: no method named `chocolate` found for type `Mouth`\n               //        in the current scope\n```\n\nIn this case, you need to implement the `chocolate` method to fix the error:\n\n```\nstruct Mouth;\n\nimpl Mouth {\n    fn chocolate(&self) { // We implement the `chocolate` method here.\n        println!(\"Hmmm! I love chocolate!\");\n    }\n}\n\nlet x = Mouth;\nx.chocolate(); // ok!\n```\n"},"level":"error","spans":[{"file_name":"src/main.rs","byte_start":856,"byte_end":863,"line_start":24,"line_end":24,"column_start":24,"column_end":31,"is_primary":true,"text":[{"text":"        while button_a.is_high().unwrap() {}","highlight_start":24,"highlight_end":31}],"label":"method not found in `P0_14<Input<Floating>>`","suggested_replacement":null,"suggestion_applicability":null,"expansion":null},{"file_name":"/home/kami/.cargo/registry/src/index.crates.io-1949cf8c6b5b557f/embedded-hal-0.2.7/src/digital/v2.rs","byte_start":5133,"byte_end":5140,"line_start":185,"line_end":185,"column_start":8,"column_end":15,"is_primary":false,"text":[{"text":"    fn is_high(&self) -> Result<bool, Self::Error>;","highlight_start":8,"highlight_end":15}],"label":"the method is available for `P0_14<Input<Floating>>` here","suggested_replacement":null,"suggestion_applicability":null,"expansion":null}],"children":[{"message":"items from traits can only be used if the trait is in scope","code":null,"level":"help","spans":[],"children":[],"rendered":null},{"message":"trait `InputPin` which provides `is_high` is implemented but not in scope; perhaps you want to import it","code":null,"level":"help","spans":[{"file_name":"src/main.rs","byte_start":23,"byte_end":23,"line_start":3,"line_end":3,"column_start":1,"column_end":1,"is_primary":true,"text":[{"text":"use cortex_m_rt::entry;","highlight_start":1,"highlight_end":1}],"label":null,"suggested_replacement":"use embedded_hal::digital::v2::InputPin;\n","suggestion_applicability":"MaybeIncorrect","expansion":null}],"children":[],"rendered":null}],"rendered":"\u001b[1m\u001b[91merror[E0599]\u001b[0m\u001b[1m: no method named `is_high` found for struct `P0_14<MODE>` in the current scope\u001b[0m\n   \u001b[1m\u001b[94m--> \u001b[0msrc/main.rs:24:24\n    \u001b[1m\u001b[94m|\u001b[0m\n \u001b[1m\u001b[94m24\u001b[0m \u001b[1m\u001b[94m|\u001b[0m         while button_a.is_high().unwrap() {}\n    \u001b[1m\u001b[94m|\u001b[0m                        \u001b[1m\u001b[91m^^^^^^^\u001b[0m \u001b[1m\u001b[91mmethod not found in `P0_14<Input<Floating>>`\u001b[0m\n    \u001b[1m\u001b[94m|\u001b[0m\n   \u001b[1m\u001b[94m::: \u001b[0m/home/kami/.cargo/registry/src/index.crates.io-1949cf8c6b5b557f/embedded-hal-0.2.7/src/digital/v2.rs:185:8\n    \u001b[1m\u001b[94m|\u001b[0m\n\u001b[1m\u001b[94m185\u001b[0m \u001b[1m\u001b[94m|\u001b[0m     fn is_high(&self) -> Result<bool, Self::Error>;\n    \u001b[1m\u001b[94m|\u001b[0m        \u001b[1m\u001b[94m-------\u001b[0m \u001b[1m\u001b[94mthe method is available for `P0_14<Input<Floating>>` here\u001b[0m\n    \u001b[1m\u001b[94m|\u001b[0m\n    \u001b[1m\u001b[94m= \u001b[0m\u001b[1mhelp\u001b[0m: items from traits can only be used if the trait is in scope\n\u001b[1m\u001b[96mhelp\u001b[0m: trait `InputPin` which provides `is_high` is implemented but not in scope; perhaps you want to import it\n    \u001b[1m\u001b[94m|\u001b[0m\n  \u001b[1m\u001b[94m3\u001b[0m \u001b[92m+ use embedded_hal::digital::v2::InputPin;\u001b[0m\n    \u001b[1m\u001b[94m|\u001b[0m\n\n"}
{"$message_type":"diagnostic","message":"no method named `set_low` found for struct `P1_02<MODE>` in the current scope","code":{"code":"E0599","explanation":"This error occurs when a method is used on a type which doesn't implement it:\n\nErroneous code example:\n\n```compile_fail,E0599\nstruct Mouth;\n\nlet x = Mouth;\nx.chocolate(); // error: no method named `chocolate` found for type `Mouth`\n               //        in the current scope\n```\n\nIn this case, you need to implement the `chocolate` method to fix the error:\n\n```\nstruct Mouth;\n\nimpl Mouth {\n    fn chocolate(&self) { // We implement the `chocolate` method here.\n        println!(\"Hmmm! I love chocolate!\");\n    }\n}\n\nlet x = Mouth;\nx.chocolate(); // ok!\n```\n"},"level":"error","spans":[{"file_name":"src/main.rs","byte_start":1051,"byte_end":1058,"line_start":29,"line_end":29,"column_start":19,"column_end":26,"is_primary":true,"text":[{"text":"        right_in2.set_low().ok();","highlight_start":19,"highlight_end":26}],"label":null,"suggested_replacement":null,"suggestion_applicability":null,"expansion":null}],"children":[{"message":"items from traits can only be used if the trait is in scope","code":null,"level":"help","spans":[],"children":[],"rendered":null},{"message":"the following traits which provide `set_low` are implemented but not in scope; perhaps you want to import one of them","code":null,"level":"help","spans":[{"file_name":"src/main.rs","byte_start":23,"byte_end":23,"line_start":3,"line_end":3,"column_start":1,"column_end":1,"is_primary":true,"text":[{"text":"use cortex_m_rt::entry;","highlight_start":1,"highlight_end":1}],"label":null,"suggested_replacement":"use embedded_hal::digital::OutputPin;\n","suggestion_applicability":"MaybeIncorrect","expansion":null},{"file_name":"src/main.rs","byte_start":23,"byte_end":23,"line_start":3,"line_end":3,"column_start":1,"column_end":1,"is_primary":true,"text":[{"text":"use cortex_m_rt::entry;","highlight_start":1,"highlight_end":1}],"label":null,"suggested_replacement":"use embedded_hal::digital::v2::OutputPin;\n","suggestion_applicability":"MaybeIncorrect","expansion":null}],"children":[],"rendered":null},{"message":"there is a method `is_set_low` with a similar name","code":null,"level":"help","spans":[{"file_name":"src/main.rs","byte_start":1051,"byte_end":1058,"line_start":29,"line_end":29,"column_start":19,"column_end":26,"is_primary":true,"text":[{"text":"        right_in2.set_low().ok();","highlight_start":19,"highlight_end":26}],"label":null,"suggested_replacement":"is_set_low","suggestion_applicability":"MaybeIncorrect","expansion":null}],"children":[],"rendered":null}],"rendered":"\u001b[1m\u001b[91merror[E0599]\u001b[0m\u001b[1m: no method named `set_low` found for struct `P1_02<MODE>` in the current scope\u001b[0m\n  \u001b[1m\u001b[94m--> \u001b[0msrc/main.rs:29:19\n   \u001b[1m\u001b[94m|\u001b[0m\n\u001b[1m\u001b[94m29\u001b[0m \u001b[1m\u001b[94m|\u001b[0m         right_in2.set_low().ok();\n   \u001b[1m\u001b[94m|\u001b[0m                   \u001b[1m\u001b[91m^^^^^^^\u001b[0m\n   \u001b[1m\u001b[94m|\u001b[0m\n   \u001b[1m\u001b[94m= \u001b[0m\u001b[1mhelp\u001b[0m: items from traits can only be used if the trait is in scope\n\u001b[1m\u001b[96mhelp\u001b[0m: the following traits which provide `set_low` are implemented but not in scope; perhaps you want to import one of them\n   \u001b[1m\u001b[94m|\u001b[0m\n \u001b[1m\u001b[94m3\u001b[0m \u001b[92m+ use embedded_hal::digital::OutputPin;\u001b[0m\n   \u001b[1m\u001b[94m|\u001b[0m\n \u001b[1m\u001b[94m3\u001b[0m \u001b[92m+ use embedded_hal::digital::v2::OutputPin;\u001b[0m\n   \u001b[1m\u001b[94m|\u001b[0m\n\u001b[1m\u001b[96mhelp\u001b[0m: there is a method `is_set_low` with a similar name\n   \u001b[1m\u001b[94m|\u001b[0m\n\u001b[1m\u001b[94m29\u001b[0m \u001b[1m\u001b[94m| \u001b[0m        right_in2.\u001b[92mis_\u001b[0mset_low().ok();\n   \u001b[1m\u001b[94m|\u001b[0m                   \u001b[92m+++\u001b[0m\n\n"}
{"$message_type":"diagnostic","message":"no method named `delay_ms` found for struct `Timer<T, U>` in the current scope","code":{"code":"E0599","explanation":"This error occurs when a method is used on a type which doesn't implement it:\n\nErroneous code example:\n\n```compile_fail,E0599\nstruct Mouth;\n\nlet x = Mouth;\nx.chocolate(); // error: no method named `chocolate` found for type `Mouth`\n               //        in the current scope\n```\n\nIn this case, you need to implement the `chocolate` method to fix the error:\n\n```\nstruct Mouth;\n\nimpl Mouth {\n    fn chocolate(&self) { // We implement the `chocolate` method here.\n        println!(\"Hmmm! I love chocolate!\");\n    }\n}\n\nlet x = Mouth;\nx.chocolate(); // ok!\n```\n"},"level":"error","spans":[{"file_name":"src/main.rs","byte_start":1081,"byte_end":1089,"line_start":30,"line_end":30,"column_start":15,"column_end":23,"is_primary":true,"text":[{"text":"        timer.delay_ms(5000_u32);","highlight_start":15,"highlight_end":23}],"label":null,"suggested_replacement":null,"suggestion_applicability":null,"expansion":null}],"children":[{"message":"items from traits can only be used if the trait is in scope","code":null,"level":"help","spans":[],"children":[],"rendered":null},{"message":"the following traits which provide `delay_ms` are implemented but not in scope; perhaps you want to import one of them","code":null,"level":"help","spans":[{"file_name":"src/main.rs","byte_start":23,"byte_end":23,"line_start":3,"line_end":3,"column_start":1,"column_end":1,"is_primary":true,"text":[{"text":"use cortex_m_rt::entry;","highlight_start":1,"highlight_end":1}],"label":null,"suggested_replacement":"use embedded_hal::blocking::delay::DelayMs;\n","suggestion_applicability":"MaybeIncorrect","expansion":null},{"file_name":"src/main.rs","byte_start":23,"byte_end":23,"line_start":3,"line_end":3,"column_start":1,"column_end":1,"is_primary":true,"text":[{"text":"use cortex_m_rt::entry;","highlight_start":1,"highlight_end":1}],"label":null,"suggested_replacement":"use embedded_hal::delay::DelayNs;\n","suggestion_applicability":"MaybeIncorrect","expansion":null}],"children":[],"rendered":null},{"message":"there is a method `delay_ns` with a similar name","code":null,"level":"help","spans":[{"file_name":"src/main.rs","byte_start":1081,"byte_end":1089,"line_start":30,"line_end":30,"column_start":15,"column_end":23,"is_primary":true,"text":[{"text":"        timer.delay_ms(5000_u32);","highlight_start":15,"highlight_end":23}],"label":null,"suggested_replacement":"delay_ns","suggestion_applicability":"MaybeIncorrect","expansion":null}],"children":[],"rendered":null}],"rendered":"\u001b[1m\u001b[91merror[E0599]\u001b[0m\u001b[1m: no method named `delay_ms` found for struct `Timer<T, U>` in the current scope\u001b[0m\n  \u001b[1m\u001b[94m--> \u001b[0msrc/main.rs:30:15\n   \u001b[1m\u001b[94m|\u001b[0m\n\u001b[1m\u001b[94m30\u001b[0m \u001b[1m\u001b[94m|\u001b[0m         timer.delay_ms(5000_u32);\n   \u001b[1m\u001b[94m|\u001b[0m               \u001b[1m\u001b[91m^^^^^^^^\u001b[0m\n   \u001b[1m\u001b[94m|\u001b[0m\n   \u001b[1m\u001b[94m= \u001b[0m\u001b[1mhelp\u001b[0m: items from traits can only be used if the trait is in scope\n\u001b[1m\u001b[96mhelp\u001b[0m: the following traits which provide `delay_ms` are implemented but not in scope; perhaps you want to import one of them\n   \u001b[1m\u001b[94m|\u001b[0m\n \u001b[1m\u001b[94m3\u001b[0m \u001b[92m+ use embedded_hal::blocking::delay::DelayMs;\u001b[0m\n   \u001b[1m\u001b[94m|\u001b[0m\n \u001b[1m\u001b[94m3\u001b[0m \u001b[92m+ use embedded_hal::delay::DelayNs;\u001b[0m\n   \u001b[1m\u001b[94m|\u001b[0m\n\u001b[1m\u001b[96mhelp\u001b[0m: there is a method `delay_ns` with a similar name\n   \u001b[1m\u001b[94m|\u001b[0m\n\u001b[1m\u001b[94m30\u001b[0m \u001b[91m- \u001b[0m        timer.\u001b[91mdelay_ms\u001b[0m(5000_u32);\n\u001b[1m\u001b[94m30\u001b[0m \u001b[92m+ \u001b[0m        timer.\u001b[92mdelay_ns\u001b[0m(5000_u32);\n   \u001b[1m\u001b[94m|\u001b[0m\n\n"}
{"$message_type":"diagnostic","message":"no method named `set_low` found for struct `P1_02<MODE>` in the current scope","code":{"code":"E0599","explanation":"This error occurs when a method is used on a type which doesn't implement it:\n\nErroneous code example:\n\n```compile_fail,E0599\nstruct Mouth;\n\nlet x = Mouth;\nx.chocolate(); // error: no method named `chocolate` found for type `Mouth`\n               //        in the current scope\n```\n\nIn this case, you need to implement the `chocolate` method to fix the error:\n\n```\nstruct Mouth;\n\nimpl Mouth {\n    fn chocolate(&self) { // We implement the `chocolate` method here.\n        println!(\"Hmmm! I love chocolate!\");\n    }\n}\n\nlet x = Mouth;\nx.chocolate(); // ok!\n```\n"},"level":"error","spans":[{"file_name":"src/main.rs","byte_start":1235,"byte_end":1242,"line_start":35,"line_end":35,"column_start":19,"column_end":26,"is_primary":true,"text":[{"text":"        right_in2.set_low().ok();","highlight_start":19,"highlight_end":26}],"label":null,"suggested_replacement":null,"suggestion_applicability":null,"expansion":null}],"children":[{"message":"items from traits can only be used if the trait is in scope","code":null,"level":"help","spans":[],"children":[],"rendered":null},{"message":"the following traits which provide `set_low` are implemented but not in scope; perhaps you want to import one of them","code":null,"level":"help","spans":[{"file_name":"src/main.rs","byte_start":23,"byte_end":23,"line_start":3,"line_end":3,"column_start":1,"column_end":1,"is_primary":true,"text":[{"text":"use cortex_m_rt::entry;","highlight_start":1,"highlight_end":1}],"label":null,"suggested_replacement":"use embedded_hal::digital::OutputPin;\n","suggestion_applicability":"MaybeIncorrect","expansion":null},{"file_name":"src/main.rs","byte_start":23,"byte_end":23,"line_start":3,"line_end":3,"column_start":1,"column_end":1,"is_primary":true,"text":[{"text":"use cortex_m_rt::entry;","highlight_start":1,"highlight_end":1}],"label":null,"suggested_replacement":"use embedded_hal::digital::v2::OutputPin;\n","suggestion_applicability":"MaybeIncorrect","expansion":null}],"children":[],"rendered":null},{"message":"there is a method `is_set_low` with a similar name","code":null,"level":"help","spans":[{"file_name":"src/main.rs","byte_start":1235,"byte_end":1242,"line_start":35,"line_end":35,"column_start":19,"column_end":26,"is_primary":true,"text":[{"text":"        right_in2.set_low().ok();","highlight_start":19,"highlight_end":26}],"label":null,"suggested_replacement":"is_set_low","suggestion_applicability":"MaybeIncorrect","expansion":null}],"children":[],"rendered":null}],"rendered":"\u001b[1m\u001b[91merror[E0599]\u001b[0m\u001b[1m: no method named `set_low` found for struct `P1_02<MODE>` in the current scope\u001b[0m\n  \u001b[1m\u001b[94m--> \u001b[0msrc/main.rs:35:19\n   \u001b[1m\u001b[94m|\u001b[0m\n\u001b[1m\u001b[94m35\u001b[0m \u001b[1m\u001b[94m|\u001b[0m         right_in2.set_low().ok();\n   \u001b[1m\u001b[94m|\u001b[0m                   \u001b[1m\u001b[91m^^^^^^^\u001b[0m\n   \u001b[1m\u001b[94m|\u001b[0m\n   \u001b[1m\u001b[94m= \u001b[0m\u001b[1mhelp\u001b[0m: items from traits can only be used if the trait is in scope\n\u001b[1m\u001b[96mhelp\u001b[0m: the following traits which provide `set_low` are implemented but not in scope; perhaps you want to import one of them\n   \u001b[1m\u001b[94m|\u001b[0m\n \u001b[1m\u001b[94m3\u001b[0m \u001b[92m+ use embedded_hal::digital::OutputPin;\u001b[0m\n   \u001b[1m\u001b[94m|\u001b[0m\n \u001b[1m\u001b[94m3\u001b[0m \u001b[92m+ use embedded_hal::digital::v2::OutputPin;\u001b[0m\n   \u001b[1m\u001b[94m|\u001b[0m\n\u001b[1m\u001b[96mhelp\u001b[0m: there is a method `is_set_low` with a similar name\n   \u001b[1m\u001b[94m|\u001b[0m\n\u001b[1m\u001b[94m35\u001b[0m \u001b[1m\u001b[94m| \u001b[0m        right_in2.\u001b[92mis_\u001b[0mset_low().ok();\n   \u001b[1m\u001b[94m|\u001b[0m                   \u001b[92m+++\u001b[0m\n\n"}
{"$message_type":"diagnostic","message":"no method named `delay_ms` found for struct `Timer<T, U>` in the current scope","code":{"code":"E0599","explanation":"This error occurs when a method is used on a type which doesn't implement it:\n\nErroneous code example:\n\n```compile_fail,E0599\nstruct Mouth;\n\nlet x = Mouth;\nx.chocolate(); // error: no method named `chocolate` found for type `Mouth`\n               //        in the current scope\n```\n\nIn this case, you need to implement the `chocolate` method to fix the error:\n\n```\nstruct Mouth;\n\nimpl Mouth {\n    fn chocolate(&self) { // We implement the `chocolate` method here.\n        println!(\"Hmmm! I love chocolate!\");\n    }\n}\n\nlet x = Mouth;\nx.chocolate(); // ok!\n```\n"},"level":"error","spans":[{"file_name":"src/main.rs","byte_start":1327,"byte_end":1335,"line_start":37,"line_end":37,"column_start":15,"column_end":23,"is_primary":true,"text":[{"text":"        timer.delay_ms(300_u32);","highlight_start":15,"highlight_end":23}],"label":null,"suggested_replacement":null,"suggestion_applicability":null,"expansion":null}],"children":[{"message":"items from traits can only be used if the trait is in scope","code":null,"level":"help","spans":[],"children":[],"rendered":null},{"message":"the following traits which provide `delay_ms` are implemented but not in scope; perhaps you want to import one of them","code":null,"level":"help","spans":[{"file_name":"src/main.rs","byte_start":23,"byte_end":23,"line_start":3,"line_end":3,"column_start":1,"column_end":1,"is_primary":true,"text":[{"text":"use cortex_m_rt::entry;","highlight_start":1,"highlight_end":1}],"label":null,"suggested_replacement":"use embedded_hal::blocking::delay::DelayMs;\n","suggestion_applicability":"MaybeIncorrect","expansion":null},{"file_name":"src/main.rs","byte_start":23,"byte_end":23,"line_start":3,"line_end":3,"column_start":1,"column_end":1,"is_primary":true,"text":[{"text":"use cortex_m_rt::entry;","highlight_start":1,"highlight_end":1}],"label":null,"suggested_replacement":"use embedded_hal::delay::DelayNs;\n","suggestion_applicability":"MaybeIncorrect","expansion":null}],"children":[],"rendered":null},{"message":"there is a method `delay_ns` with a similar name","code":null,"level":"help","spans":[{"file_name":"src/main.rs","byte_start":1327,"byte_end":1335,"line_start":37,"line_end":37,"column_start":15,"column_end":23,"is_primary":true,"text":[{"text":"        timer.delay_ms(300_u32);","highlight_start":15,"highlight_end":23}],"label":null,"suggested_replacement":"delay_ns","suggestion_applicability":"MaybeIncorrect","expansion":null}],"children":[],"rendered":null}],"rendered":"\u001b[1m\u001b[91merror[E0599]\u001b[0m\u001b[1m: no method named `delay_ms` found for struct `Timer<T, U>` in the current scope\u001b[0m\n  \u001b[1m\u001b[94m--> \u001b[0msrc/main.rs:37:15\n   \u001b[1m\u001b[94m|\u001b[0m\n\u001b[1m\u001b[94m37\u001b[0m \u001b[1m\u001b[94m|\u001b[0m         timer.delay_ms(300_u32);\n   \u001b[1m\u001b[94m|\u001b[0m               \u001b[1m\u001b[91m^^^^^^^^\u001b[0m\n   \u001b[1m\u001b[94m|\u001b[0m\n   \u001b[1m\u001b[94m= \u001b[0m\u001b[1mhelp\u001b[0m: items from traits can only be used if the trait is in scope\n\u001b[1m\u001b[96mhelp\u001b[0m: the following traits which provide `delay_ms` are implemented but not in scope; perhaps you want to import one of them\n   \u001b[1m\u001b[94m|\u001b[0m\n \u001b[1m\u001b[94m3\u001b[0m \u001b[92m+ use embedded_hal::blocking::delay::DelayMs;\u001b[0m\n   \u001b[1m\u001b[94m|\u001b[0m\n \u001b[1m\u001b[94m3\u001b[0m \u001b[92m+ use embedded_hal::delay::DelayNs;\u001b[0m\n   \u001b[1m\u001b[94m|\u001b[0m\n\u001b[1m\u001b[96mhelp\u001b[0m: there is a method `delay_ns` with a similar name\n   \u001b[1m\u001b[94m|\u001b[0m\n\u001b[1m\u001b[94m37\u001b[0m \u001b[91m- \u001b[0m        timer.\u001b[91mdelay_ms\u001b[0m(300_u32);\n\u001b[1m\u001b[94m37\u001b[0m \u001b[92m+ \u001b[0m        timer.\u001b[92mdelay_ns\u001b[0m(300_u32);\n   \u001b[1m\u001b[94m|\u001b[0m\n\n"}
{"$message_type":"diagnostic","message":"aborting due to 10 previous errors; 1 warning emitted","code":null,"level":"error","spans":[],"children":[],"rendered":"\u001b[1m\u001b[91merror\u001b[0m\u001b[1m: aborting due to 10 previous errors; 1 warning emitted\u001b[0m\n\n"}
{"$message_type":"diagnostic","message":"Some errors have detailed explanations: E0432, E0599, E0609.","code":null,"level":"failure-note","spans":[],"children":[],"rendered":"\u001b[1mSome errors have detailed explanations: E0432, E0599, E0609.\u001b[0m\n"}
{"$message_type":"diagnostic","message":"For more information about an error, try `rustc --explain E0432`.","code":null,"level":"failure-note","spans":[],"children":[],"rendered":"\u001b[1mFor more information about an error, try `rustc --explain E0432`.\u001b[0m\n"}
