{"$message_type":"diagnostic","message":"unresolved import `heapless`","code":{"code":"E0432","explanation":"An import was unresolved.\n\nErroneous code example:\n\n```compile_fail,E0432\nuse something::Foo; // error: unresolved import `something::Foo`.\n```\n\nIn Rust 2015, paths in `use` statements are relative to the crate root. To\nimport items relative to the current and parent modules, use the `self::` and\n`super::` prefixes, respectively.\n\nIn Rust 2018 or later, paths in `use` statements are relative to the current\nmodule unless they begin with the name of a crate or a literal `crate::`, in\nwhich case they start from the crate root. As in Rust 2015 code, the `self::`\nand `super::` prefixes refer to the current and parent modules respectively.\n\nAlso verify that you didn't misspell the import name and that the import exists\nin the module from where you tried to import it. Example:\n\n```\nuse self::something::Foo; // Ok.\n\nmod something {\n    pub struct Foo;\n}\n# fn main() {}\n```\n\nIf you tried to use a module from an external crate and are using Rust 2015,\nyou may have missed the `extern crate` declaration (which is usually placed in\nthe crate root):\n\n```edition2015\nextern crate core; // Required to use the `core` crate in Rust 2015.\n\nuse core::any;\n# fn main() {}\n```\n\nSince Rust 2018 the `extern crate` declaration is not required and\nyou can instead just `use` it:\n\n```edition2018\nuse core::any; // No extern crate required in Rust 2018.\n# fn main() {}\n```\n"},"level":"error","spans":[{"file_name":"src/main.rs","byte_start":114,"byte_end":122,"line_start":7,"line_end":7,"column_start":5,"column_end":13,"is_primary":true,"text":[{"text":"use heapless::Vec;","highlight_start":5,"highlight_end":13}],"label":"use of unresolved module or unlinked crate `heapless`","suggested_replacement":null,"suggestion_applicability":null,"expansion":null}],"children":[{"message":"if you wanted to use a crate named `heapless`, use `cargo add heapless` to add it to your `Cargo.toml`","code":null,"level":"help","spans":[],"children":[],"rendered":null}],"rendered":"\u001b[1m\u001b[91merror[E0432]\u001b[0m\u001b[1m: unresolved import `heapless`\u001b[0m\n \u001b[1m\u001b[94m--> \u001b[0msrc/main.rs:7:5\n  \u001b[1m\u001b[94m|\u001b[0m\n\u001b[1m\u001b[94m7\u001b[0m \u001b[1m\u001b[94m|\u001b[0m use heapless::Vec;\n  \u001b[1m\u001b[94m|\u001b[0m     \u001b[1m\u001b[91m^^^^^^^^\u001b[0m \u001b[1m\u001b[91muse of unresolved module or unlinked crate `heapless`\u001b[0m\n  \u001b[1m\u001b[94m|\u001b[0m\n  \u001b[1m\u001b[94m= \u001b[0m\u001b[1mhelp\u001b[0m: if you wanted to use a crate named `heapless`, use `cargo add heapless` to add it to your `Cargo.toml`\n\n"}
{"$message_type":"diagnostic","message":"cannot find type `Point` in this scope","code":{"code":"E0412","explanation":"A used type name is not in scope.\n\nErroneous code examples:\n\n```compile_fail,E0412\nimpl Something {} // error: type name `Something` is not in scope\n\n// or:\n\ntrait Foo {\n    fn bar(N); // error: type name `N` is not in scope\n}\n\n// or:\n\nfn foo(x: T) {} // type name `T` is not in scope\n```\n\nTo fix this error, please verify you didn't misspell the type name, you did\ndeclare it or imported it into the scope. Examples:\n\n```\nstruct Something;\n\nimpl Something {} // ok!\n\n// or:\n\ntrait Foo {\n    type N;\n\n    fn bar(_: Self::N); // ok!\n}\n\n// or:\n\nfn foo<T>(x: T) {} // ok!\n```\n\nAnother case that causes this error is when a type is imported into a parent\nmodule. To fix this, you can follow the suggestion and use File directly or\n`use super::File;` which will import the types from the parent namespace. An\nexample that causes this error is below:\n\n```compile_fail,E0412\nuse std::fs::File;\n\nmod foo {\n    fn some_function(f: File) {}\n}\n```\n\n```\nuse std::fs::File;\n\nmod foo {\n    // either\n    use super::File;\n    // or\n    // use std::fs::File;\n    fn foo(f: File) {}\n}\n# fn main() {} // don't insert it for us; that'll break imports\n```\n"},"level":"error","spans":[{"file_name":"src/main.rs","byte_start":1229,"byte_end":1234,"line_start":63,"line_end":63,"column_start":25,"column_end":30,"is_primary":true,"text":[{"text":"    let mut points: Vec<Point, 25> = Vec::new();","highlight_start":25,"highlight_end":30}],"label":"not found in this scope","suggested_replacement":null,"suggestion_applicability":null,"expansion":null}],"children":[],"rendered":"\u001b[1m\u001b[91merror[E0412]\u001b[0m\u001b[1m: cannot find type `Point` in this scope\u001b[0m\n  \u001b[1m\u001b[94m--> \u001b[0msrc/main.rs:63:25\n   \u001b[1m\u001b[94m|\u001b[0m\n\u001b[1m\u001b[94m63\u001b[0m \u001b[1m\u001b[94m|\u001b[0m     let mut points: Vec<Point, 25> = Vec::new();\n   \u001b[1m\u001b[94m|\u001b[0m                         \u001b[1m\u001b[91m^^^^^\u001b[0m \u001b[1m\u001b[91mnot found in this scope\u001b[0m\n\n"}
{"$message_type":"diagnostic","message":"cannot find value `game` in this scope","code":{"code":"E0425","explanation":"An unresolved name was used.\n\nErroneous code examples:\n\n```compile_fail,E0425\nsomething_that_doesnt_exist::foo;\n// error: unresolved name `something_that_doesnt_exist::foo`\n\n// or:\n\ntrait Foo {\n    fn bar() {\n        Self; // error: unresolved name `Self`\n    }\n}\n\n// or:\n\nlet x = unknown_variable;  // error: unresolved name `unknown_variable`\n```\n\nPlease verify that the name wasn't misspelled and ensure that the\nidentifier being referred to is valid for the given situation. Example:\n\n```\nenum something_that_does_exist {\n    Foo,\n}\n```\n\nOr:\n\n```\nmod something_that_does_exist {\n    pub static foo : i32 = 0i32;\n}\n\nsomething_that_does_exist::foo; // ok!\n```\n\nOr:\n\n```\nlet unknown_variable = 12u32;\nlet x = unknown_variable; // ok!\n```\n\nIf the item is not defined in the current module, it must be imported using a\n`use` statement, like so:\n\n```\n# mod foo { pub fn bar() {} }\n# fn main() {\nuse foo::bar;\nbar();\n# }\n```\n\nIf the item you are importing is not defined in some super-module of the\ncurrent module, then it must also be declared as public (e.g., `pub fn`).\n"},"level":"error","spans":[{"file_name":"src/main.rs","byte_start":1133,"byte_end":1177,"line_start":59,"line_end":59,"column_start":1,"column_end":45,"is_primary":false,"text":[{"text":"static GAME: LockMut<Game> = LockMut::new();","highlight_start":1,"highlight_end":45}],"label":"similarly named static `GAME` defined here","suggested_replacement":null,"suggestion_applicability":null,"expansion":null},{"file_name":"src/main.rs","byte_start":2245,"byte_end":2249,"line_start":93,"line_end":93,"column_start":34,"column_end":38,"is_primary":true,"text":[{"text":"        display.show(&mut timer, game, 10);","highlight_start":34,"highlight_end":38}],"label":null,"suggested_replacement":null,"suggestion_applicability":null,"expansion":null}],"children":[{"message":"a static with a similar name exists","code":null,"level":"help","spans":[{"file_name":"src/main.rs","byte_start":2245,"byte_end":2249,"line_start":93,"line_end":93,"column_start":34,"column_end":38,"is_primary":true,"text":[{"text":"        display.show(&mut timer, game, 10);","highlight_start":34,"highlight_end":38}],"label":null,"suggested_replacement":"GAME","suggestion_applicability":"MaybeIncorrect","expansion":null}],"children":[],"rendered":null}],"rendered":"\u001b[1m\u001b[91merror[E0425]\u001b[0m\u001b[1m: cannot find value `game` in this scope\u001b[0m\n  \u001b[1m\u001b[94m--> \u001b[0msrc/main.rs:93:34\n   \u001b[1m\u001b[94m|\u001b[0m\n\u001b[1m\u001b[94m59\u001b[0m \u001b[1m\u001b[94m|\u001b[0m static GAME: LockMut<Game> = LockMut::new();\n   \u001b[1m\u001b[94m|\u001b[0m \u001b[1m\u001b[94m--------------------------------------------\u001b[0m \u001b[1m\u001b[94msimilarly named static `GAME` defined here\u001b[0m\n\u001b[1m\u001b[94m...\u001b[0m\n\u001b[1m\u001b[94m93\u001b[0m \u001b[1m\u001b[94m|\u001b[0m         display.show(&mut timer, game, 10);\n   \u001b[1m\u001b[94m|\u001b[0m                                  \u001b[1m\u001b[91m^^^^\u001b[0m \u001b[1m\u001b[91mhelp: a static with a similar name exists: `GAME`\u001b[0m\n\n"}
{"$message_type":"diagnostic","message":"unused import: `self`","code":{"code":"unused_imports","explanation":null},"level":"warning","spans":[{"file_name":"src/main.rs","byte_start":256,"byte_end":260,"line_start":12,"line_end":12,"column_start":16,"column_end":20,"is_primary":true,"text":[{"text":"    hal::pac::{self, interrupt},","highlight_start":16,"highlight_end":20}],"label":null,"suggested_replacement":null,"suggestion_applicability":null,"expansion":null}],"children":[{"message":"`#[warn(unused_imports)]` (part of `#[warn(unused)]`) on by default","code":null,"level":"note","spans":[],"children":[],"rendered":null},{"message":"remove the unused import","code":null,"level":"help","spans":[{"file_name":"src/main.rs","byte_start":256,"byte_end":262,"line_start":12,"line_end":12,"column_start":16,"column_end":22,"is_primary":true,"text":[{"text":"    hal::pac::{self, interrupt},","highlight_start":16,"highlight_end":22}],"label":null,"suggested_replacement":"","suggestion_applicability":"MachineApplicable","expansion":null},{"file_name":"src/main.rs","byte_start":255,"byte_end":256,"line_start":12,"line_end":12,"column_start":15,"column_end":16,"is_primary":true,"text":[{"text":"    hal::pac::{self, interrupt},","highlight_start":15,"highlight_end":16}],"label":null,"suggested_replacement":"","suggestion_applicability":"MachineApplicable","expansion":null},{"file_name":"src/main.rs","byte_start":271,"byte_end":272,"line_start":12,"line_end":12,"column_start":31,"column_end":32,"is_primary":true,"text":[{"text":"    hal::pac::{self, interrupt},","highlight_start":31,"highlight_end":32}],"label":null,"suggested_replacement":"","suggestion_applicability":"MachineApplicable","expansion":null}],"children":[],"rendered":null}],"rendered":"\u001b[1m\u001b[33mwarning\u001b[0m\u001b[1m: unused import: `self`\u001b[0m\n  \u001b[1m\u001b[94m--> \u001b[0msrc/main.rs:12:16\n   \u001b[1m\u001b[94m|\u001b[0m\n\u001b[1m\u001b[94m12\u001b[0m \u001b[1m\u001b[94m|\u001b[0m     hal::pac::{self, interrupt},\n   \u001b[1m\u001b[94m|\u001b[0m                \u001b[1m\u001b[33m^^^^\u001b[0m\n   \u001b[1m\u001b[94m|\u001b[0m\n   \u001b[1m\u001b[94m= \u001b[0m\u001b[1mnote\u001b[0m: `#[warn(unused_imports)]` (part of `#[warn(unused)]`) on by default\n\n"}
{"$message_type":"diagnostic","message":"mismatched types","code":{"code":"E0308","explanation":"Expected type did not match the received type.\n\nErroneous code examples:\n\n```compile_fail,E0308\nfn plus_one(x: i32) -> i32 {\n    x + 1\n}\n\nplus_one(\"Not a number\");\n//       ^^^^^^^^^^^^^^ expected `i32`, found `&str`\n\nif \"Not a bool\" {\n// ^^^^^^^^^^^^ expected `bool`, found `&str`\n}\n\nlet x: f32 = \"Not a float\";\n//     ---   ^^^^^^^^^^^^^ expected `f32`, found `&str`\n//     |\n//     expected due to this\n```\n\nThis error occurs when an expression was used in a place where the compiler\nexpected an expression of a different type. It can occur in several cases, the\nmost common being when calling a function and passing an argument which has a\ndifferent type than the matching type in the function declaration.\n"},"level":"error","spans":[{"file_name":"src/main.rs","byte_start":742,"byte_end":750,"line_start":38,"line_end":38,"column_start":27,"column_end":35,"is_primary":true,"text":[{"text":"            snake_points: [[2, 2]],","highlight_start":27,"highlight_end":35}],"label":"expected an array with a size of 25, found one with a size of 1","suggested_replacement":null,"suggestion_applicability":null,"expansion":null}],"children":[],"rendered":"\u001b[1m\u001b[91merror[E0308]\u001b[0m\u001b[1m: mismatched types\u001b[0m\n  \u001b[1m\u001b[94m--> \u001b[0msrc/main.rs:38:27\n   \u001b[1m\u001b[94m|\u001b[0m\n\u001b[1m\u001b[94m38\u001b[0m \u001b[1m\u001b[94m|\u001b[0m             snake_points: [[2, 2]],\n   \u001b[1m\u001b[94m|\u001b[0m                           \u001b[1m\u001b[91m^^^^^^^^\u001b[0m \u001b[1m\u001b[91mexpected an array with a size of 25, found one with a size of 1\u001b[0m\n\n"}
{"$message_type":"diagnostic","message":"aborting due to 4 previous errors; 1 warning emitted","code":null,"level":"error","spans":[],"children":[],"rendered":"\u001b[1m\u001b[91merror\u001b[0m\u001b[1m: aborting due to 4 previous errors; 1 warning emitted\u001b[0m\n\n"}
{"$message_type":"diagnostic","message":"Some errors have detailed explanations: E0308, E0412, E0425, E0432.","code":null,"level":"failure-note","spans":[],"children":[],"rendered":"\u001b[1mSome errors have detailed explanations: E0308, E0412, E0425, E0432.\u001b[0m\n"}
{"$message_type":"diagnostic","message":"For more information about an error, try `rustc --explain E0308`.","code":null,"level":"failure-note","spans":[],"children":[],"rendered":"\u001b[1mFor more information about an error, try `rustc --explain E0308`.\u001b[0m\n"}
